<?xml version="1.0" encoding="UTF-8"?>
<!-- Generated by org.testng.reporters.JUnitXMLReporter -->
<testsuite ignored="6" hostname="DESKTOP-L06357O" failures="0" tests="5" name="Default test" time="57.456" errors="0" timestamp="2024-02-05T16:37:13 EET">
  <testcase classname="AlmosaferWeb.MyTestCases" name="RandomMethodToChangeTheLanguage" time="3.4"/>
  <testcase classname="AlmosaferWeb.MyTestCases" name="SwitchToHotelTap" time="2.215"/>
  <testcase classname="AlmosaferWeb.MyTestCases" name="randomSelectTheVisitorNumber" time="9.512"/>
  <testcase classname="AlmosaferWeb.MyTestCases" name="makeSurePageIsFullyLoaded" time="30.078"/>
  <testcase classname="AlmosaferWeb.MyTestCases" name="sortTheItemsBasedOnThEPrice" time="1.95"/>
  <testcase classname="AlmosaferWeb.MyTestCases" name="CheckHotelTapIsNotSelectedByDeafult" time="0.0">
    <ignored/>
  </testcase> <!-- CheckHotelTapIsNotSelectedByDeafult -->
  <testcase classname="AlmosaferWeb.MyTestCases" name="CheckQitafLogo" time="0.0">
    <ignored/>
  </testcase> <!-- CheckQitafLogo -->
  <testcase classname="AlmosaferWeb.MyTestCases" name="CheckContactNumber" time="0.0">
    <ignored/>
  </testcase> <!-- CheckContactNumber -->
  <testcase classname="AlmosaferWeb.MyTestCases" name="CheckTheDeafultLanguageIsEnglish" time="0.0">
    <ignored/>
  </testcase> <!-- CheckTheDeafultLanguageIsEnglish -->
  <testcase classname="AlmosaferWeb.MyTestCases" name="CheckDepartureDateAndReturnDate" time="0.0">
    <ignored/>
  </testcase> <!-- CheckDepartureDateAndReturnDate -->
  <testcase classname="AlmosaferWeb.MyTestCases" name="CheckTheDeafultCurrencyIsSAR" time="0.0">
    <ignored/>
  </testcase> <!-- CheckTheDeafultCurrencyIsSAR -->
</testsuite> <!-- Default test -->
