<?xml version="1.0" encoding="UTF-8"?>
<!-- Generated by org.testng.reporters.JUnitXMLReporter -->
<testsuite ignored="6" hostname="DESKTOP-L06357O" failures="0" tests="5" name="Default test" time="49.441" errors="0" timestamp="2024-02-05T14:39:49 EET">
  <testcase classname="AlmosaferWeb.MyTestCases" name="RandomMethodToChangeTheLanguage" time="2.419"/>
  <testcase classname="AlmosaferWeb.MyTestCases" name="SwitchToHotelTap" time="2.041"/>
  <testcase classname="AlmosaferWeb.MyTestCases" name="randomSelectTheVisitorNumber" time="7.423"/>
  <testcase classname="AlmosaferWeb.MyTestCases" name="makeSurePageIsFullyLoaded" time="30.072"/>
  <testcase classname="AlmosaferWeb.MyTestCases" name="sortTheItemsBasedOnThEPrice" time="2.095"/>
  <testcase classname="AlmosaferWeb.MyTestCases" name="CheckHotelTapIsNotSelectedByDeafult" time="0.0">
    <ignored/>
  </testcase> <!-- CheckHotelTapIsNotSelectedByDeafult -->
  <testcase classname="AlmosaferWeb.MyTestCases" name="CheckQitafLogo" time="0.0">
    <ignored/>
  </testcase> <!-- CheckQitafLogo -->
  <testcase classname="AlmosaferWeb.MyTestCases" name="CheckContactNumber" time="0.0">
    <ignored/>
  </testcase> <!-- CheckContactNumber -->
  <testcase classname="AlmosaferWeb.MyTestCases" name="CheckTheDeafultLanguageIsEnglish" time="0.0">
    <ignored/>
  </testcase> <!-- CheckTheDeafultLanguageIsEnglish -->
  <testcase classname="AlmosaferWeb.MyTestCases" name="CheckDepartureDateAndReturnDate" time="0.0">
    <ignored/>
  </testcase> <!-- CheckDepartureDateAndReturnDate -->
  <testcase classname="AlmosaferWeb.MyTestCases" name="CheckTheDeafultCurrencyIsSAR" time="0.0">
    <ignored/>
  </testcase> <!-- CheckTheDeafultCurrencyIsSAR -->
</testsuite> <!-- Default test -->
