<?xml version="1.0" encoding="UTF-8"?>
<testng-results ignored="5" total="8" passed="3" failed="0" skipped="0">
  <reporter-output>
  </reporter-output>
  <suite started-at="2024-02-01T18:45:28 EET" name="Default suite" finished-at="2024-02-01T18:45:36 EET" duration-ms="8387">
    <groups>
    </groups>
    <test started-at="2024-02-01T18:45:28 EET" name="Default test" finished-at="2024-02-01T18:45:36 EET" duration-ms="8387">
      <class name="AlmosaferWeb.MyTestCases">
        <test-method is-config="true" signature="mySetup()[pri:0, instance:AlmosaferWeb.MyTestCases@3234f74e]" started-at="2024-02-01T18:45:28 EET" name="mySetup" finished-at="2024-02-01T18:45:33 EET" duration-ms="5364" status="PASS">
          <reporter-output>
          </reporter-output>
        </test-method> <!-- mySetup -->
        <test-method signature="CheckDepartureDateAndReturnDate()[pri:6, instance:AlmosaferWeb.MyTestCases@3234f74e]" started-at="2024-02-01T18:45:33 EET" name="CheckDepartureDateAndReturnDate" finished-at="2024-02-01T18:45:34 EET" duration-ms="116" status="PASS">
          <reporter-output>
          </reporter-output>
        </test-method> <!-- CheckDepartureDateAndReturnDate -->
        <test-method signature="RandomMethodToChangeTheLanguage()[pri:7, instance:AlmosaferWeb.MyTestCases@3234f74e]" started-at="2024-02-01T18:45:34 EET" name="RandomMethodToChangeTheLanguage" finished-at="2024-02-01T18:45:35 EET" duration-ms="1507" status="PASS">
          <reporter-output>
          </reporter-output>
        </test-method> <!-- RandomMethodToChangeTheLanguage -->
        <test-method signature="SwitchToHotelTap()[pri:8, instance:AlmosaferWeb.MyTestCases@3234f74e]" started-at="2024-02-01T18:45:35 EET" name="SwitchToHotelTap" finished-at="2024-02-01T18:45:36 EET" duration-ms="1310" status="PASS">
          <reporter-output>
          </reporter-output>
        </test-method> <!-- SwitchToHotelTap -->
        <test-method is-config="true" signature="myPostTest()[pri:0, instance:AlmosaferWeb.MyTestCases@3234f74e]" started-at="2024-02-01T18:45:36 EET" name="myPostTest" finished-at="2024-02-01T18:45:36 EET" duration-ms="1" status="PASS">
          <reporter-output>
          </reporter-output>
        </test-method> <!-- myPostTest -->
      </class> <!-- AlmosaferWeb.MyTestCases -->
    </test> <!-- Default test -->
  </suite> <!-- Default suite -->
</testng-results>
